<?xml version="1.0" encoding="UTF-8"?>
<testng-results skipped="0" failed="0" ignored="0" total="1" passed="1">
  <reporter-output>
  </reporter-output>
  <suite name="Surefire suite" duration-ms="304386" started-at="2021-02-18T21:37:31Z" finished-at="2021-02-18T21:42:35Z">
    <groups>
      <group name="cucumber">
        <method signature="AbstractTestNGCucumberTests.feature(cucumber.api.testng.CucumberFeatureWrapper)[pri:0, instance:com.amazon.runners.TestRunner@458ad742]" name="feature" class="cucumber.api.testng.AbstractTestNGCucumberTests"/>
      </group> <!-- cucumber -->
    </groups>
    <test name="Surefire test" duration-ms="304386" started-at="2021-02-18T21:37:31Z" finished-at="2021-02-18T21:42:35Z">
      <class name="com.amazon.runners.TestRunner">
        <test-method status="PASS" signature="setUpClass()[pri:0, instance:com.amazon.runners.TestRunner@458ad742]" name="setUpClass" is-config="true" duration-ms="285" started-at="2021-02-18T21:37:31Z" finished-at="2021-02-18T21:37:31Z">
          <reporter-output>
          </reporter-output>
        </test-method> <!-- setUpClass -->
        <test-method status="PASS" signature="feature(cucumber.api.testng.CucumberFeatureWrapper)[pri:0, instance:com.amazon.runners.TestRunner@458ad742]" name="feature" duration-ms="303246" started-at="2021-02-18T21:37:31Z" description="Runs Cucumber Feature" data-provider="features" finished-at="2021-02-18T21:42:34Z">
          <params>
            <param index="0">
              <value>
                <![CDATA[Finding Top 10 products from Amazon]]>
              </value>
            </param>
          </params>
          <reporter-output>
          </reporter-output>
        </test-method> <!-- feature -->
        <test-method status="PASS" signature="configReport()[pri:0, instance:com.amazon.runners.TestRunner@458ad742]" name="configReport" is-config="true" duration-ms="8" started-at="2021-02-18T21:42:34Z" finished-at="2021-02-18T21:42:34Z">
          <reporter-output>
          </reporter-output>
        </test-method> <!-- configReport -->
        <test-method status="PASS" signature="tearDownClass()[pri:0, instance:com.amazon.runners.TestRunner@458ad742]" name="tearDownClass" is-config="true" duration-ms="722" started-at="2021-02-18T21:42:34Z" finished-at="2021-02-18T21:42:35Z">
          <reporter-output>
          </reporter-output>
        </test-method> <!-- tearDownClass -->
      </class> <!-- com.amazon.runners.TestRunner -->
    </test> <!-- Surefire test -->
  </suite> <!-- Surefire suite -->
</testng-results>
